0 info it worked if it ends with ok
1 verbose cli [ 'c:\\Program Files\\nodejs\\node.exe',
1 verbose cli   'c:\\Program Files\\nodejs\\node_modules\\npm\\bin\\npm-cli.js',
1 verbose cli   'publish' ]
2 info using npm@3.3.12
3 info using node@v5.4.0
4 verbose publish [ '.' ]
5 silly cache add args [ '.', null ]
6 verbose cache add spec .
7 silly cache add parsed spec Result {
7 silly cache add   raw: '.',
7 silly cache add   scope: null,
7 silly cache add   name: null,
7 silly cache add   rawSpec: '.',
7 silly cache add   spec: 'E:\\privateWorkspace\\redSprite',
7 silly cache add   type: 'directory' }
8 verbose addLocalDirectory C:\Users\hzxiejin\AppData\Roaming\npm-cache\redsprite\0.0.3\package.tgz not in flight; packing
9 info lifecycle redsprite@0.0.3~prepublish: redsprite@0.0.3
10 silly lifecycle redsprite@0.0.3~prepublish: no script for prepublish, continuing
11 verbose tar pack [ 'C:\\Users\\hzxiejin\\AppData\\Roaming\\npm-cache\\redsprite\\0.0.3\\package.tgz',
11 verbose tar pack   'E:\\privateWorkspace\\redSprite' ]
12 verbose tarball C:\Users\hzxiejin\AppData\Roaming\npm-cache\redsprite\0.0.3\package.tgz
13 verbose folder E:\privateWorkspace\redSprite
14 verbose addLocalTarball adding from inside cache C:\Users\hzxiejin\AppData\Roaming\npm-cache\redsprite\0.0.3\package.tgz
15 silly cache afterAdd redsprite@0.0.3
16 verbose afterAdd C:\Users\hzxiejin\AppData\Roaming\npm-cache\redsprite\0.0.3\package\package.json not in flight; writing
17 verbose afterAdd C:\Users\hzxiejin\AppData\Roaming\npm-cache\redsprite\0.0.3\package\package.json written
18 silly publish { name: 'redsprite',
18 silly publish   version: '0.0.3',
18 silly publish   description: 'doing images sprite',
18 silly publish   main: 'index.js',
18 silly publish   scripts: { test: 'echo "Error: no test specified" && exit 1' },
18 silly publish   repository:
18 silly publish    { type: 'git',
18 silly publish      url: 'git+https://github.com/JuneAndGreen/redSprite.git' },
18 silly publish   keywords: [ 'sprite' ],
18 silly publish   author: { name: 'june_01' },
18 silly publish   license: 'MIT',
18 silly publish   bugs: { url: 'https://github.com/JuneAndGreen/redSprite/issues' },
18 silly publish   homepage: 'https://github.com/JuneAndGreen/redSprite#readme',
18 silly publish   dependencies:
18 silly publish    { async: '^1.5.2',
18 silly publish      layout: '^2.2.0',
18 silly publish      lodash: '^4.0.0',
18 silly publish      lwip: '0.0.8' },
18 silly publish   devDependencies: { mocha: '^2.3.4', should: '^8.1.1' },
18 silly publish   readme: '# redSprite',
18 silly publish   readmeFilename: 'README.md',
18 silly publish   gitHead: 'c9d7bb0e7383e8cb5075321e0d4879b3313604d8',
18 silly publish   _id: 'redsprite@0.0.3',
18 silly publish   _shasum: '53c484bbed984bef305e23315f953def989fbbe0',
18 silly publish   _from: '.' }
19 verbose getPublishConfig undefined
20 silly mapToRegistry name redsprite
21 silly mapToRegistry using default registry
22 silly mapToRegistry registry https://registry.npmjs.org/
23 silly mapToRegistry uri https://registry.npmjs.org/redsprite
24 verbose publish registryBase https://registry.npmjs.org/
25 silly publish uploading C:\Users\hzxiejin\AppData\Roaming\npm-cache\redsprite\0.0.3\package.tgz
26 verbose request uri https://registry.npmjs.org/redsprite
27 verbose request sending authorization for write operation
28 info attempt registry request try #1 at 21:09:35
29 verbose request using bearer token for auth
30 verbose request id 46672dce34326975
31 http request PUT https://registry.npmjs.org/redsprite
32 http 403 https://registry.npmjs.org/redsprite
33 verbose headers { 'content-type': 'application/json',
33 verbose headers   'cache-control': 'max-age=300',
33 verbose headers   'content-length': '95',
33 verbose headers   'accept-ranges': 'bytes',
33 verbose headers   date: 'Thu, 14 Jan 2016 13:09:36 GMT',
33 verbose headers   via: '1.1 varnish',
33 verbose headers   connection: 'keep-alive',
33 verbose headers   'x-served-by': 'cache-hkg6821-HKG',
33 verbose headers   'x-cache': 'MISS',
33 verbose headers   'x-cache-hits': '0',
33 verbose headers   'x-timer': 'S1452776976.188711,VS0,VE745' }
34 verbose request invalidating C:\Users\hzxiejin\AppData\Roaming\npm-cache\registry.npmjs.org\redsprite on PUT
35 error publish Failed PUT 403
36 verbose stack Error: "You cannot publish over the previously published version 0.0.3." : redsprite
36 verbose stack     at makeError (c:\Program Files\nodejs\node_modules\npm\node_modules\npm-registry-client\lib\request.js:264:12)
36 verbose stack     at CachingRegistryClient.<anonymous> (c:\Program Files\nodejs\node_modules\npm\node_modules\npm-registry-client\lib\request.js:252:14)
36 verbose stack     at Request._callback (c:\Program Files\nodejs\node_modules\npm\node_modules\npm-registry-client\lib\request.js:172:14)
36 verbose stack     at Request.self.callback (c:\Program Files\nodejs\node_modules\npm\node_modules\request\request.js:198:22)
36 verbose stack     at emitTwo (events.js:87:13)
36 verbose stack     at Request.emit (events.js:172:7)
36 verbose stack     at Request.<anonymous> (c:\Program Files\nodejs\node_modules\npm\node_modules\request\request.js:1082:10)
36 verbose stack     at emitOne (events.js:82:20)
36 verbose stack     at Request.emit (events.js:169:7)
36 verbose stack     at IncomingMessage.<anonymous> (c:\Program Files\nodejs\node_modules\npm\node_modules\request\request.js:1009:12)
37 verbose statusCode 403
38 verbose pkgid redsprite
39 verbose cwd E:\privateWorkspace\redSprite
40 error Windows_NT 6.1.7601
41 error argv "c:\\Program Files\\nodejs\\node.exe" "c:\\Program Files\\nodejs\\node_modules\\npm\\bin\\npm-cli.js" "publish"
42 error node v5.4.0
43 error npm  v3.3.12
44 error code E403
45 error "You cannot publish over the previously published version 0.0.3." : redsprite
46 error If you need help, you may report this error at:
46 error     <https://github.com/npm/npm/issues>
47 verbose exit [ 1, true ]
